\BOOKMARK [1][-]{section*.2}{Vorwort}{}% 1
\BOOKMARK [1][-]{section.1}{Einf\374hrung}{}% 2
\BOOKMARK [2][-]{subsection.1.1}{Hello World!}{section.1}% 3
\BOOKMARK [2][-]{subsection.1.2}{Kommentare}{section.1}% 4
\BOOKMARK [2][-]{subsection.1.3}{Hexadezimale Zahlen}{section.1}% 5
\BOOKMARK [2][-]{subsection.1.4}{Bin\344re Zahlen}{section.1}% 6
\BOOKMARK [1][-]{section.2}{Variablen}{}% 7
\BOOKMARK [2][-]{subsection.2.1}{Elementare Datentypen}{section.2}% 8
\BOOKMARK [2][-]{subsection.2.2}{Variablen Deklaration}{section.2}% 9
\BOOKMARK [2][-]{subsection.2.3}{Rechenoperationen}{section.2}% 10
\BOOKMARK [2][-]{subsection.2.4}{Logische Operatoren}{section.2}% 11
\BOOKMARK [2][-]{subsection.2.5}{Casting \(Typumwandlung\)}{section.2}% 12
\BOOKMARK [1][-]{section.3}{Benutzerinteraktion}{}% 13
\BOOKMARK [2][-]{subsection.3.1}{Bildschirmausgabe}{section.3}% 14
\BOOKMARK [2][-]{subsection.3.2}{Benutzereingabe}{section.3}% 15
\BOOKMARK [1][-]{section.4}{Operatoren und Funktionen}{}% 16
\BOOKMARK [2][-]{subsection.4.1}{Operatoren}{section.4}% 17
\BOOKMARK [2][-]{subsection.4.2}{Verzweigungen und Schleifen}{section.4}% 18
\BOOKMARK [3][-]{subsubsection.4.2.1}{If - Else if - Else}{subsection.4.2}% 19
\BOOKMARK [3][-]{subsubsection.4.2.2}{Switch - Case}{subsection.4.2}% 20
\BOOKMARK [3][-]{subsubsection.4.2.3}{While}{subsection.4.2}% 21
\BOOKMARK [3][-]{subsubsection.4.2.4}{For}{subsection.4.2}% 22
\BOOKMARK [3][-]{subsubsection.4.2.5}{Do - while}{subsection.4.2}% 23
\BOOKMARK [1][-]{section*.4}{Literaturverzeichnis}{}% 24
\BOOKMARK [1][-]{section*.5}{Anhang}{}% 25
\BOOKMARK [1][-]{appendix.A}{Ascii Tabelle}{}% 26
